<?xml version="1.0" encoding="UTF-8"?>
<!-- Generated by org.testng.reporters.JUnitXMLReporter -->
<testsuite ignored="0" hostname="jaggu" failures="0" tests="3" name="Test" time="189.045" errors="0" timestamp="2023-09-10T23:26:14 IST">
  <testcase classname="TestCase.MyInfoTestCases" name="fillPersonalDetails" time="119.459"/>
  <testcase classname="TestCase.LoginTestCase" name="verifyInvalidLogin" time="37.192"/>
  <testcase classname="TestCase.LoginTestCase" name="verifyValidLogin" time="32.225"/>
</testsuite> <!-- Test -->
