<?xml version="1.0" encoding="UTF-8"?>
<testng-results ignored="0" total="1" passed="1" failed="0" skipped="0">
  <reporter-output>
  </reporter-output>
  <suite started-at="2023-09-11T21:26:04 IST" name="Default suite" finished-at="2023-09-11T21:28:00 IST" duration-ms="115599">
    <groups>
    </groups>
    <test started-at="2023-09-11T21:26:04 IST" name="Default test" finished-at="2023-09-11T21:28:00 IST" duration-ms="115599">
      <class name="TestCase.MyInfoTestCases">
        <test-method signature="fillPersonalDetails()[pri:0, instance:TestCase.MyInfoTestCases@3c19aaa5]" started-at="2023-09-11T21:26:05 IST" name="fillPersonalDetails" finished-at="2023-09-11T21:28:00 IST" duration-ms="115402" status="PASS">
          <reporter-output>
          </reporter-output>
        </test-method> <!-- fillPersonalDetails -->
      </class> <!-- TestCase.MyInfoTestCases -->
    </test> <!-- Default test -->
  </suite> <!-- Default suite -->
</testng-results>
