<?xml version="1.0" encoding="UTF-8"?>
<testng-results ignored="0" total="2" passed="2" failed="0" skipped="0">
  <reporter-output>
  </reporter-output>
  <suite started-at="2023-09-17T14:24:05 IST" name="Default suite" finished-at="2023-09-17T14:25:21 IST" duration-ms="75604">
    <groups>
    </groups>
    <test started-at="2023-09-17T14:24:05 IST" name="Default test" finished-at="2023-09-17T14:25:21 IST" duration-ms="75604">
      <class name="TestCase.LoginTestCase">
        <test-method is-config="true" signature="LaunchURL()[pri:0, instance:TestCase.LoginTestCase@4562e04d]" started-at="2023-09-17T14:24:05 IST" name="LaunchURL" finished-at="2023-09-17T14:24:31 IST" duration-ms="25380" status="PASS">
          <reporter-output>
          </reporter-output>
        </test-method> <!-- LaunchURL -->
        <test-method signature="VerifyValidLogin()[pri:0, instance:TestCase.LoginTestCase@4562e04d]" started-at="2023-09-17T14:24:31 IST" name="VerifyValidLogin" finished-at="2023-09-17T14:24:38 IST" duration-ms="7641" status="PASS">
          <reporter-output>
          </reporter-output>
        </test-method> <!-- VerifyValidLogin -->
        <test-method is-config="true" signature="LaunchURL()[pri:0, instance:TestCase.LoginTestCase@4562e04d]" started-at="2023-09-17T14:24:38 IST" name="LaunchURL" finished-at="2023-09-17T14:25:08 IST" duration-ms="29960" status="PASS">
          <reporter-output>
          </reporter-output>
        </test-method> <!-- LaunchURL -->
        <test-method signature="verifyInvalidLogin()[pri:0, instance:TestCase.LoginTestCase@4562e04d]" started-at="2023-09-17T14:25:08 IST" name="verifyInvalidLogin" finished-at="2023-09-17T14:25:21 IST" duration-ms="12346" status="PASS">
          <reporter-output>
          </reporter-output>
        </test-method> <!-- verifyInvalidLogin -->
      </class> <!-- TestCase.LoginTestCase -->
    </test> <!-- Default test -->
  </suite> <!-- Default suite -->
</testng-results>
